  HizliOkur.cpp
C:\Users\toprak\Desktop\HizliOkur\HizliOkur\Font.hpp(125,29): warning C4244: '=': conversion from 'long double' to 'float', possible loss of data
C:\Users\toprak\Desktop\HizliOkur\HizliOkur\Font.hpp(126,76): warning C4244: '-=': conversion from 'long double' to 'float', possible loss of data
C:\Users\toprak\Desktop\HizliOkur\HizliOkur\Font.hpp(131,40): warning C4244: 'argument': conversion from 'long double' to '_Ty', possible loss of data
          with
          [
              _Ty=GLfloat
          ]
C:\Users\toprak\Desktop\HizliOkur\HizliOkur\Font.hpp(132,46): warning C4244: 'argument': conversion from 'long double' to '_Ty', possible loss of data
          with
          [
              _Ty=GLfloat
          ]
C:\Users\toprak\Desktop\HizliOkur\HizliOkur\Font.hpp(137,40): warning C4244: 'argument': conversion from 'long double' to '_Ty', possible loss of data
          with
          [
              _Ty=GLfloat
          ]
C:\Users\toprak\Desktop\HizliOkur\HizliOkur\Font.hpp(143,42): warning C4244: 'argument': conversion from 'long double' to '_Ty', possible loss of data
          with
          [
              _Ty=GLfloat
          ]
C:\Users\toprak\Desktop\HizliOkur\HizliOkur\Font.hpp(149,42): warning C4244: 'argument': conversion from 'long double' to '_Ty', possible loss of data
          with
          [
              _Ty=GLfloat
          ]
C:\Users\toprak\Desktop\HizliOkur\HizliOkur\Font.hpp(150,46): warning C4244: 'argument': conversion from 'long double' to '_Ty', possible loss of data
          with
          [
              _Ty=GLfloat
          ]
C:\Users\toprak\Desktop\HizliOkur\HizliOkur\Font.hpp(162,51): warning C4267: 'argument': conversion from 'size_t' to 'GLsizei', possible loss of data
C:\Users\toprak\Desktop\HizliOkur\HizliOkur\HizliOkur.cpp(121,21): warning C4305: 'argument': truncation from 'double' to 'GLfloat'
C:\Users\toprak\Desktop\HizliOkur\HizliOkur\HizliOkur.cpp(124,24): warning C4305: 'argument': truncation from 'double' to 'GLfloat'
C:\Users\toprak\Desktop\HizliOkur\HizliOkur\HizliOkur.cpp(124,17): warning C4305: 'argument': truncation from 'double' to 'GLfloat'
C:\Users\toprak\Desktop\HizliOkur\HizliOkur\HizliOkur.cpp(127,17): warning C4305: 'argument': truncation from 'double' to 'GLfloat'
C:\Users\toprak\Desktop\HizliOkur\HizliOkur\HizliOkur.cpp(134,17): warning C4305: 'argument': truncation from 'double' to 'GLfloat'
C:\Users\toprak\Desktop\HizliOkur\HizliOkur\HizliOkur.cpp(137,23): warning C4305: 'argument': truncation from 'double' to 'GLfloat'
C:\Users\toprak\Desktop\HizliOkur\HizliOkur\HizliOkur.cpp(137,17): warning C4305: 'argument': truncation from 'double' to 'GLfloat'
C:\Users\toprak\Desktop\HizliOkur\HizliOkur\HizliOkur.cpp(140,24): warning C4305: 'argument': truncation from 'double' to 'GLfloat'
C:\Users\toprak\Desktop\HizliOkur\HizliOkur\HizliOkur.cpp(140,17): warning C4305: 'argument': truncation from 'double' to 'GLfloat'
C:\Users\toprak\Desktop\HizliOkur\HizliOkur\HizliOkur.cpp(143,17): warning C4305: 'argument': truncation from 'double' to 'GLfloat'
C:\Users\toprak\Desktop\HizliOkur\HizliOkur\HizliOkur.cpp(219,48): warning C4305: 'argument': truncation from 'double' to 'float'
  Generating code
  2 of 614 functions ( 0.3%) were compiled, the rest were copied from previous compilation.
    0 functions were new in current compilation
    8 functions had inline decision re-evaluated but remain unchanged
  Finished generating code
  HizliOkur.vcxproj -> C:\Users\toprak\Desktop\HizliOkur\x64\Release\HizliOkur.exe
